iMPACT Version: 14.6

iMPACT log file Started on Mon Feb 24 15:08:31 2014

Welcome to iMPACT
iMPACT Version: 14.6
// *** BATCH CMD : setMode -bs
GUI --- Auto connect to cable...
// *** BATCH CMD : setCable -port auto
AutoDetecting cable. Please wait.
*** WARNING ***: When port is set to auto detect mode, cable speed is set todefault 6 MHz regardless of explicit arguments supplied for setting the baudrates
PROGRESS_START - Starting Operation.
 OS platform = i686.
 Using windrvr6 driver.
Connecting to cable (Usb Port - USB21).
Checking cable driver.
File version of /opt/xilinx/14.6/ISE_DS/ISE/bin/lin/xusbdfwu.hex = 1030.
File version of /usr/share/xusbdfwu.hex = 1030.
 libusb-driver.so version: 2011-12-12 07:47:45.
 Cable PID = 0008.
 Max current requested during enumeration is 74 mA.
Type = 0x0004.
 Cable Type = 3, Revision = 0.
 Setting cable speed to 6 MHz.
Cable connection established.
Firmware version = 1303.
File version of /opt/xilinx/14.6/ISE_DS/ISE/data/xusb_xlp.hex = 1303.
Firmware hex file version = 1303.
PLD file version = 0012h.
 PLD version = 0012h.
PROGRESS_END - End Operation.
Elapsed time =      0 sec.
Type = 0x0004.
 ESN device is not available for this cable.
Attempting to identify devices in the boundary-scan chain configuration...
INFO:iMPACT - Current time: 2/24/14 3:08 PM
// *** BATCH CMD : Identify -inferir 
PROGRESS_START - Starting Operation.
Identifying chain contents...'0': : Manufacturer's ID = Xilinx xc5vlx110t, Version : 10
INFO:iMPACT:1777 - 
   Reading /opt/xilinx/14.6/ISE_DS/ISE/virtex5/data/xc5vlx110t.bsd...
INFO:iMPACT:501 - '1': Added Device xc5vlx110t successfully.
----------------------------------------------------------------------
'1': : Manufacturer's ID = Xilinx xccace, Version : 0
INFO:iMPACT:1777 - 
   Reading /opt/xilinx/14.6/ISE_DS/ISE/acecf/data/xccace.bsd...
INFO:iMPACT:501 - '1': Added Device xccace successfully.
----------------------------------------------------------------------
'2': : Manufacturer's ID = Xilinx xc95144xl, Version : 5
INFO:iMPACT:1777 - 
   Reading /opt/xilinx/14.6/ISE_DS/ISE/xc9500xl/data/xc95144xl.bsd...
INFO:iMPACT:501 - '1': Added Device xc95144xl successfully.
----------------------------------------------------------------------
'3': : Manufacturer's ID = Xilinx xcf32p, Version : 15
INFO:iMPACT:1777 - 
   Reading /opt/xilinx/14.6/ISE_DS/ISE/xcfp/data/xcf32p.bsd...
INFO:iMPACT:501 - '1': Added Device xcf32p successfully.
----------------------------------------------------------------------
'4': : Manufacturer's ID = Xilinx xcf32p, Version : 15
INFO:iMPACT:501 - '1': Added Device xcf32p successfully.
----------------------------------------------------------------------
done.
PROGRESS_END - End Operation.
Elapsed time =      1 sec.
// *** BATCH CMD : identifyMPM 
// *** BATCH CMD : assignFile -p 5 -file"/afs/ir.stanford.edu/users/n/i/nipuna1/ee108b/Lab3/synth/mips_top.bit"
'5': Loading file'/afs/ir.stanford.edu/users/n/i/nipuna1/ee108b/Lab3/synth/mips_top.bit' ...
done.
INFO:iMPACT:2257 - Startup Clock has been changed to 'JtagClk' in the bitstream   stored in memory,
   but the original bitstream file remains unchanged.
UserID read from the bitstream file = 0xFFFFFFFF.
----------------------------------------------------------------------
INFO:iMPACT:501 - '5': Added Device xc5vlx110t successfully.
----------------------------------------------------------------------
INFO:iMPACT - Current time: 2/24/14 3:08 PM
// *** BATCH CMD : Program -p 5 
Maximum TCK operating frequency for this device chain: 10000000.
Validating chain...
Boundary-scan chain validated successfully.
5: Device Temperature: Current Reading:   42.50 C, Min. Reading:   42.01 C, Max.Reading:   50.87 C
5: VCCINT Supply: Current Reading:   1.002 V, Min. Reading:   0.999 V, Max.Reading:   1.002 V
5: VCCAUX Supply: Current Reading:   2.493 V, Min. Reading:   2.490 V, Max.Reading:   2.496 V
PROGRESS_START - Starting Operation.
'5': Programming device...
 Match_cycle = NoWait.
Match cycle: NoWait
 LCK_cycle = NoWait.
LCK cycle: NoWait
done.
INFO:iMPACT:2219 - Status register values:
INFO:iMPACT - 0011 1111 0001 1110 0000 1011 1000 0000 
INFO:iMPACT:579 - '5': Completed downloading bit file to device.
INFO:iMPACT:188 - '5': Programming completed successfully.
 Match_cycle = NoWait.
Match cycle: NoWait
 LCK_cycle = NoWait.
LCK cycle: NoWait
INFO:iMPACT - '5': Checking done pin....done.
'5': Programmed successfully.
PROGRESS_END - End Operation.
Elapsed time =      9 sec.
INFO:iMPACT - User_EnvOsname: 'CentOS'
INFO:iMPACT - User_EnvOsrelease: 'CentOS release 5.9 (Final)'
// *** BATCH CMD : setMode -bs
INFO:iMPACT - Launching WebTalk, please refer to the webtalk log at   /afs/ir.stanford.edu/users/n/i/nipuna1/ee108b/webtalk.log for details.
INFO:iMPACT - Running wbtc successfully.
// *** BATCH CMD : setMode -bs
// *** BATCH CMD : deleteDevice -position 1
----------------------------------------------------------------------
// *** BATCH CMD : deleteDevice -position 1
----------------------------------------------------------------------
// *** BATCH CMD : deleteDevice -position 1
----------------------------------------------------------------------
// *** BATCH CMD : deleteDevice -position 1
----------------------------------------------------------------------
// *** BATCH CMD : deleteDevice -position 1
// *** BATCH CMD : setMode -bs
// *** BATCH CMD : setMode -ss
// *** BATCH CMD : setMode -sm
// *** BATCH CMD : setMode -hw140
// *** BATCH CMD : setMode -spi
// *** BATCH CMD : setMode -acecf
// *** BATCH CMD : setMode -acempm
// *** BATCH CMD : setMode -pff
